../../data/assign3/dataset/ukbench00022.jpg
300
../../data/assign3/dataset/ukbench00041.jpg
300
../../data/assign3/dataset/ukbench00004.jpg
300
../../data/assign3/dataset/ukbench00008.jpg
300
../../data/assign3/dataset/ukbench00025.jpg
300
../../data/assign3/dataset/ukbench00048.jpg
300
../../data/assign3/dataset/ukbench00046.jpg
300
../../data/assign3/dataset/ukbench00013.jpg
300
../../data/assign3/dataset/ukbench00021.jpg
283
../../data/assign3/dataset/ukbench00018.jpg
300
../../data/assign3/dataset/ukbench00016.jpg
300
../../data/assign3/dataset/ukbench00009.jpg
300
../../data/assign3/dataset/ukbench00030.jpg
300
../../data/assign3/dataset/ukbench00026.jpg
301
../../data/assign3/dataset/ukbench00050.jpg
300
../../data/assign3/dataset/ukbench00028.jpg
301
../../data/assign3/dataset/ukbench00037.jpg
300
../../data/assign3/dataset/ukbench00033.jpg
300
../../data/assign3/dataset/ukbench00001.jpg
301
../../data/assign3/dataset/ukbench00034.jpg
300
../../data/assign3/dataset/ukbench00012.jpg
300
../../data/assign3/dataset/ukbench00045.jpg
300
../../data/assign3/dataset/ukbench00014.jpg
300
../../data/assign3/dataset/ukbench00010.jpg
300
../../data/assign3/dataset/ukbench00000.jpg
300
../../data/assign3/dataset/ukbench00006.jpg
300
../../data/assign3/dataset/ukbench00020.jpg
208
../../data/assign3/dataset/ukbench00049.jpg
300
../../data/assign3/dataset/ukbench00036.jpg
301
../../data/assign3/dataset/ukbench00038.jpg
300
../../data/assign3/dataset/ukbench00042.jpg
301
../../data/assign3/dataset/ukbench00029.jpg
300
../../data/assign3/dataset/ukbench00024.jpg
300
../../data/assign3/dataset/ukbench00032.jpg
301
../../data/assign3/dataset/ukbench00005.jpg
300
../../data/assign3/dataset/ukbench00040.jpg
301
../../data/assign3/dataset/ukbench00017.jpg
300
../../data/assign3/dataset/ukbench00002.jpg
300
../../data/assign3/dataset/ukbench00044.jpg
300
{1: 1, 6: 22, 16: 72, 52: 22, 53: 48, 54: 22, 55: 2, 58: 8, 59: 11, 60: 85, 63: 7}
62610.6696362
{6: 4, 16: 62, 52: 19, 53: 38, 54: 75, 55: 2, 58: 14, 59: 14, 60: 70, 63: 2}
45675.0894903
{16: 22, 52: 22, 53: 55, 54: 49, 55: 4, 58: 12, 59: 12, 60: 117, 63: 7}
32978.0106981
{16: 16, 52: 47, 53: 29, 54: 70, 55: 3, 58: 18, 59: 23, 60: 87, 63: 7}
20404.264936
{16: 3, 52: 39, 53: 16, 54: 75, 55: 4, 58: 17, 59: 17, 60: 121, 63: 8}
22516.8097443
{52: 43, 53: 7, 54: 62, 55: 3, 58: 11, 59: 19, 60: 151, 63: 4}
27766.9103963
{16: 2, 52: 46, 53: 3, 54: 52, 55: 3, 58: 14, 59: 15, 60: 159, 63: 6}
29107.9943913
{52: 41, 53: 3, 54: 43, 55: 5, 58: 11, 59: 19, 60: 170, 63: 8}
31390.7649565
{52: 46, 53: 1, 54: 26, 55: 7, 58: 14, 59: 19, 60: 166, 63: 4}
29426.0706507
{52: 43, 54: 65, 55: 3, 58: 17, 59: 21, 60: 146, 63: 5}
26746.4513399
{52: 37, 53: 1, 54: 68, 55: 4, 58: 18, 59: 23, 60: 143, 63: 6}
25984.2011755
{52: 57, 53: 1, 54: 61, 55: 5, 58: 20, 59: 35, 60: 110, 63: 11}
19803.4662029
{52: 45, 54: 55, 55: 4, 58: 13, 59: 12, 60: 165, 63: 6}
31008.1754541
{52: 48, 54: 70, 55: 5, 58: 16, 59: 23, 60: 131, 63: 7}
23962.9355899
{52: 43, 54: 50, 55: 6, 58: 18, 59: 15, 60: 163, 63: 5}
29951.7694766
{52: 32, 54: 44, 55: 1, 58: 20, 59: 29, 60: 167, 63: 7}
30533.1727664
{52: 40, 54: 49, 55: 1, 58: 23, 59: 21, 60: 159, 63: 7}
28787.0628864
{52: 43, 54: 50, 55: 3, 58: 15, 59: 23, 60: 160, 63: 6}
29210.7652838
{52: 49, 53: 1, 54: 66, 55: 4, 58: 19, 59: 26, 60: 123, 63: 12}
21933.3782546
{52: 34, 54: 63, 55: 2, 58: 20, 59: 24, 60: 149, 63: 8}
26951.652501
{52: 39, 54: 60, 55: 4, 58: 22, 59: 20, 60: 147, 63: 8}
26309.4488672
{52: 50, 54: 41, 55: 4, 58: 12, 59: 10, 60: 175, 63: 8}
33373.6888389
{52: 50, 54: 30, 55: 2, 58: 18, 59: 18, 60: 178, 63: 4}
33964.5921825
{52: 51, 54: 61, 55: 6, 58: 26, 59: 26, 60: 121, 63: 9}
21310.5205817
{52: 43, 54: 70, 55: 2, 58: 26, 59: 27, 60: 128, 63: 4}
23330.2320099
{52: 40, 54: 53, 55: 6, 58: 13, 59: 15, 60: 169, 63: 4}
31745.3796255
{52: 31, 54: 33, 55: 4, 58: 4, 59: 13, 60: 118, 63: 5}
15390.087082
{52: 39, 54: 51, 55: 7, 58: 12, 59: 19, 60: 166, 63: 6}
30654.7734545
{52: 36, 54: 55, 55: 3, 58: 14, 59: 22, 60: 159, 63: 11}
28891.5634777
{52: 45, 54: 54, 55: 4, 58: 13, 59: 27, 60: 149, 63: 8}
26714.1511572
{52: 29, 54: 100, 55: 5, 58: 22, 59: 32, 60: 99, 63: 13}
21226.9201087
{52: 31, 54: 53, 55: 5, 58: 14, 59: 25, 60: 165, 63: 7}
30295.6714225
{52: 44, 54: 61, 55: 4, 58: 23, 59: 29, 60: 128, 63: 11}
22370.7265807
{52: 33, 54: 48, 55: 3, 58: 17, 59: 21, 60: 169, 63: 9}
31135.4761744
{52: 36, 54: 61, 55: 3, 58: 13, 59: 19, 60: 164, 63: 4}
30844.7745295
{52: 49, 54: 91, 55: 5, 58: 21, 59: 22, 60: 105, 63: 7}
21570.8220546
{52: 40, 54: 74, 55: 2, 58: 25, 59: 18, 60: 128, 63: 13}
23353.0321389
{52: 48, 54: 55, 55: 3, 58: 15, 59: 24, 60: 146, 63: 9}
26159.3480179
{52: 41, 54: 48, 55: 6, 58: 13, 59: 23, 60: 163, 63: 6}
29757.96838
../../data/assign3/query/ukbench00023.jpg
262
{52: 37, 54: 26, 55: 4, 58: 7, 59: 18, 60: 159, 63: 11}
480 480 640 640
../../data/assign3/query/ukbench00043.jpg
300
{52: 32, 54: 101, 55: 4, 58: 29, 59: 30, 60: 94, 63: 10}
480 480 640 640
../../data/assign3/query/ukbench00019.jpg
300
{52: 46, 54: 67, 55: 6, 58: 19, 59: 27, 60: 122, 63: 13}
480 480 640 640
../../data/assign3/query/ukbench00039.jpg
300
{52: 47, 54: 72, 55: 6, 58: 20, 59: 18, 60: 133, 63: 4}
480 480 640 640
../../data/assign3/query/ukbench00047.jpg
300
{52: 36, 54: 59, 55: 2, 58: 15, 59: 17, 60: 167, 63: 4}
480 480 640 640
../../data/assign3/query/ukbench00051.jpg
300
{52: 40, 54: 52, 55: 2, 58: 12, 59: 13, 60: 174, 63: 7}
480 480 640 640
../../data/assign3/query/ukbench00035.jpg
301
{52: 36, 54: 66, 55: 8, 58: 13, 59: 22, 60: 153, 63: 2}
480 480 640 640
../../data/assign3/query/ukbench00031.jpg
300
{52: 38, 54: 54, 55: 4, 58: 19, 59: 16, 60: 159, 63: 10}
480 480 640 640
../../data/assign3/query/ukbench00011.jpg
300
{52: 50, 54: 68, 55: 3, 58: 28, 59: 21, 60: 124, 63: 6}
480 480 640 640
../../data/assign3/query/ukbench00003.jpg
300
{52: 53, 54: 59, 55: 7, 58: 16, 59: 22, 60: 136, 63: 7}
480 480 640 640
../../data/assign3/query/ukbench00015.jpg
300
{52: 39, 53: 1, 54: 39, 55: 4, 58: 13, 59: 18, 60: 181, 63: 5}
480 480 640 640
../../data/assign3/query/ukbench00007.jpg
301
{52: 42, 54: 50, 55: 2, 58: 12, 59: 13, 60: 176, 63: 5}
480 480 640 640
../../data/assign3/query/ukbench00027.jpg
300
{52: 44, 54: 76, 55: 2, 58: 20, 59: 22, 60: 131, 63: 5}
480 480 640 640
